0 info it worked if it ends with ok
1 verbose cli [ '/usr/local/Cellar/node/5.1.1/bin/node',
1 verbose cli   '/usr/local/bin/npm',
1 verbose cli   'install',
1 verbose cli   '-g',
1 verbose cli   'bower' ]
2 info using npm@3.3.12
3 info using node@v5.1.1
4 silly loadCurrentTree Starting
5 silly install loadCurrentTree
6 silly install readGlobalPackageData
7 silly fetchPackageMetaData bower
8 silly fetchNamedPackageData bower
9 silly mapToRegistry name bower
10 silly mapToRegistry using default registry
11 silly mapToRegistry registry https://registry.npmjs.org/
12 silly mapToRegistry uri https://registry.npmjs.org/bower
13 verbose request uri https://registry.npmjs.org/bower
14 verbose request no auth needed
15 info attempt registry request try #1 at 3:21:17 PM
16 verbose request id b4def1fd60b27547
17 http request GET https://registry.npmjs.org/bower
18 http 200 https://registry.npmjs.org/bower
19 verbose headers { server: 'CouchDB/1.5.0 (Erlang OTP/R16B03)',
19 verbose headers   etag: '"9IRK1DZN27I6Y4M3UB4Y5DF8O"',
19 verbose headers   'content-type': 'application/json',
19 verbose headers   'cache-control': 'max-age=300',
19 verbose headers   'content-length': '168868',
19 verbose headers   'accept-ranges': 'bytes',
19 verbose headers   date: 'Fri, 05 Feb 2016 22:21:18 GMT',
19 verbose headers   via: '1.1 varnish',
19 verbose headers   age: '121',
19 verbose headers   connection: 'keep-alive',
19 verbose headers   'x-served-by': 'cache-ord1727-ORD',
19 verbose headers   'x-cache': 'HIT',
19 verbose headers   'x-cache-hits': '1',
19 verbose headers   'x-timer': 'S1454710878.456143,VS0,VE0',
19 verbose headers   vary: 'Accept' }
20 silly get cb [ 200,
20 silly get   { server: 'CouchDB/1.5.0 (Erlang OTP/R16B03)',
20 silly get     etag: '"9IRK1DZN27I6Y4M3UB4Y5DF8O"',
20 silly get     'content-type': 'application/json',
20 silly get     'cache-control': 'max-age=300',
20 silly get     'content-length': '168868',
20 silly get     'accept-ranges': 'bytes',
20 silly get     date: 'Fri, 05 Feb 2016 22:21:18 GMT',
20 silly get     via: '1.1 varnish',
20 silly get     age: '121',
20 silly get     connection: 'keep-alive',
20 silly get     'x-served-by': 'cache-ord1727-ORD',
20 silly get     'x-cache': 'HIT',
20 silly get     'x-cache-hits': '1',
20 silly get     'x-timer': 'S1454710878.456143,VS0,VE0',
20 silly get     vary: 'Accept' } ]
21 verbose get saving bower to /Users/student/.npm/registry.npmjs.org/bower/.cache.json
22 verbose makeDirectory /Users/student/.npm creation not in flight; initializing
23 silly makeDirectory /Users/student/.npm uid: 506 gid: 20
24 silly install normalizeTree
25 silly loadCurrentTree Finishing
26 silly loadIdealTree Starting
27 silly install loadIdealTree
28 silly cloneCurrentTree Starting
29 silly install cloneCurrentTreeToIdealTree
30 silly cloneCurrentTree Finishing
31 silly loadShrinkwrap Starting
32 silly install loadShrinkwrap
33 silly loadShrinkwrap Finishing
34 silly loadAllDepsIntoIdealTree Starting
35 silly install loadAllDepsIntoIdealTree
36 silly resolveWithNewModule bower@1.7.7 checking installable status
37 silly cache add args [ 'bower', null ]
38 verbose cache add spec bower
39 silly cache add parsed spec Result {
39 silly cache add   raw: 'bower',
39 silly cache add   scope: null,
39 silly cache add   name: 'bower',
39 silly cache add   rawSpec: '',
39 silly cache add   spec: '*',
39 silly cache add   type: 'range' }
40 silly addNamed bower@*
41 verbose addNamed "*" is a valid semver range for bower
42 silly addNameRange { name: 'bower', range: '*', hasData: false }
43 silly mapToRegistry name bower
44 silly mapToRegistry using default registry
45 silly mapToRegistry registry https://registry.npmjs.org/
46 silly mapToRegistry uri https://registry.npmjs.org/bower
47 verbose addNameRange registry:https://registry.npmjs.org/bower not in flight; fetching
48 verbose get https://registry.npmjs.org/bower not expired, no request
49 silly addNameRange number 2 { name: 'bower', range: '*', hasData: true }
50 silly addNameRange versions [ 'bower',
50 silly addNameRange   [ '0.1.0',
50 silly addNameRange     '0.1.2',
50 silly addNameRange     '0.1.3',
50 silly addNameRange     '0.2.0',
50 silly addNameRange     '0.3.0',
50 silly addNameRange     '0.3.1',
50 silly addNameRange     '0.3.2',
50 silly addNameRange     '0.4.0',
50 silly addNameRange     '0.5.0',
50 silly addNameRange     '0.5.1',
50 silly addNameRange     '0.6.0',
50 silly addNameRange     '0.6.1',
50 silly addNameRange     '0.6.2',
50 silly addNameRange     '0.6.3',
50 silly addNameRange     '0.6.4',
50 silly addNameRange     '0.6.5',
50 silly addNameRange     '0.6.6',
50 silly addNameRange     '0.6.7',
50 silly addNameRange     '0.6.8',
50 silly addNameRange     '0.7.0',
50 silly addNameRange     '0.7.1',
50 silly addNameRange     '0.8.0',
50 silly addNameRange     '0.8.1',
50 silly addNameRange     '0.8.2',
50 silly addNameRange     '0.8.3',
50 silly addNameRange     '0.8.4',
50 silly addNameRange     '0.8.5',
50 silly addNameRange     '0.8.6',
50 silly addNameRange     '0.9.0',
50 silly addNameRange     '0.9.1',
50 silly addNameRange     '0.9.2',
50 silly addNameRange     '0.10.0',
50 silly addNameRange     '1.0.0',
50 silly addNameRange     '1.0.1',
50 silly addNameRange     '1.0.2',
50 silly addNameRange     '1.0.3',
50 silly addNameRange     '1.1.0',
50 silly addNameRange     '1.1.1',
50 silly addNameRange     '1.1.2',
50 silly addNameRange     '1.2.0',
50 silly addNameRange     '1.2.1',
50 silly addNameRange     '1.2.2',
50 silly addNameRange     '1.2.3',
50 silly addNameRange     '1.2.4',
50 silly addNameRange     '1.2.5',
50 silly addNameRange     '1.2.6',
50 silly addNameRange     '1.2.7',
50 silly addNameRange     '1.2.8',
50 silly addNameRange     '1.3.0',
50 silly addNameRange     '1.3.1',
50 silly addNameRange     '1.3.2',
50 silly addNameRange     '1.3.3',
50 silly addNameRange     '1.3.4',
50 silly addNameRange     '1.3.5',
50 silly addNameRange     '1.3.6',
50 silly addNameRange     '1.3.7',
50 silly addNameRange     '1.3.8',
50 silly addNameRange     '1.3.9',
50 silly addNameRange     '1.3.10',
50 silly addNameRange     '1.3.11',
50 silly addNameRange     '1.3.12',
50 silly addNameRange     '1.4.0',
50 silly addNameRange     '1.4.1',
50 silly addNameRange     '1.5.0',
50 silly addNameRange     '1.5.1',
50 silly addNameRange     '1.5.2',
50 silly addNameRange     '1.5.3',
50 silly addNameRange     '1.6.2',
50 silly addNameRange     '1.6.3',
50 silly addNameRange     '1.6.4',
50 silly addNameRange     '1.6.5',
50 silly addNameRange     '1.5.4',
50 silly addNameRange     '1.4.2',
50 silly addNameRange     '1.6.6',
50 silly addNameRange     '1.6.7',
50 silly addNameRange     '1.6.8',
50 silly addNameRange     '1.6.9',
50 silly addNameRange     '1.7.0',
50 silly addNameRange     '1.7.1',
50 silly addNameRange     '1.7.2',
50 silly addNameRange     '1.7.5',
50 silly addNameRange     '1.7.6',
50 silly addNameRange     '1.7.7' ] ]
51 silly addNamed bower@1.7.7
52 verbose addNamed "1.7.7" is a plain semver version for bower
53 silly mapToRegistry name bower
54 silly mapToRegistry using default registry
55 silly mapToRegistry registry https://registry.npmjs.org/
56 silly mapToRegistry uri https://registry.npmjs.org/bower
57 verbose addRemoteTarball https://registry.npmjs.org/bower/-/bower-1.7.7.tgz not in flight; adding
58 verbose addRemoteTarball [ 'https://registry.npmjs.org/bower/-/bower-1.7.7.tgz',
58 verbose addRemoteTarball   '2fd7ff3ebdcba5a8ffcd84c397c8fdfe9f825f92' ]
59 info retry fetch attempt 1 at 3:21:20 PM
60 info attempt registry request try #1 at 3:21:20 PM
61 http fetch GET https://registry.npmjs.org/bower/-/bower-1.7.7.tgz
62 http fetch 200 https://registry.npmjs.org/bower/-/bower-1.7.7.tgz
63 silly fetchAndShaCheck shasum 2fd7ff3ebdcba5a8ffcd84c397c8fdfe9f825f92
64 verbose addTmpTarball /var/folders/dt/7px5bhg50y1487fd8nh_w3v00000gt/T/npm-5148-4d56663a/registry.npmjs.org/bower/-/bower-1.7.7.tgz not in flight; adding
65 verbose addTmpTarball already have metadata; skipping unpack for bower@1.7.7
66 silly cache afterAdd bower@1.7.7
67 verbose afterAdd /Users/student/.npm/bower/1.7.7/package/package.json not in flight; writing
68 verbose afterAdd /Users/student/.npm/bower/1.7.7/package/package.json written
69 silly loadAllDepsIntoIdealTree Finishing
70 silly idealTree:prePrune lib
70 silly idealTree:prePrune └── bower@1.7.7
71 silly loadIdealTree Finishing
72 silly currentTree lib
72 silly currentTree └─┬ bower@1.2.6
72 silly currentTree   ├── abbrev@1.0.4
72 silly currentTree   ├── archy@0.0.2
72 silly currentTree   ├─┬ bower-config@0.5.0
72 silly currentTree   │ └─┬ optimist@0.6.0
72 silly currentTree   │   ├── minimist@0.0.2
72 silly currentTree   │   └── wordwrap@0.0.2
72 silly currentTree   ├── bower-endpoint-parser@0.2.1
72 silly currentTree   ├─┬ bower-json@0.4.0
72 silly currentTree   │ ├── deep-extend@0.2.6
72 silly currentTree   │ └── intersect@0.0.3
72 silly currentTree   ├── bower-logger@0.2.1
72 silly currentTree   ├─┬ bower-registry-client@0.1.4
72 silly currentTree   │ ├── async@0.2.9
72 silly currentTree   │ ├─┬ bower-config@0.4.5
72 silly currentTree   │ │ └─┬ optimist@0.6.0
72 silly currentTree   │ │   ├── minimist@0.0.2
72 silly currentTree   │ │   └── wordwrap@0.0.2
72 silly currentTree   │ └── request-replay@0.2.0
72 silly currentTree   ├─┬ cardinal@0.4.2
72 silly currentTree   │ ├── ansicolors@0.2.1
72 silly currentTree   │ └─┬ redeyed@0.4.2
72 silly currentTree   │   └── esprima@1.0.4
72 silly currentTree   ├─┬ chalk@0.2.1
72 silly currentTree   │ ├── ansi-styles@0.2.0
72 silly currentTree   │ └── has-color@0.1.1
72 silly currentTree   ├── chmodr@0.1.0
72 silly currentTree   ├─┬ fstream-ignore@0.0.7
72 silly currentTree   │ ├── inherits@2.0.1
72 silly currentTree   │ └─┬ minimatch@0.2.12
72 silly currentTree   │   └── sigmund@1.0.0
72 silly currentTree   ├─┬ fstream@0.1.24
72 silly currentTree   │ └── inherits@2.0.1
72 silly currentTree   ├─┬ glob@3.2.6
72 silly currentTree   │ ├── inherits@2.0.1
72 silly currentTree   │ └─┬ minimatch@0.2.12
72 silly currentTree   │   └── sigmund@1.0.0
72 silly currentTree   ├── graceful-fs@2.0.1
72 silly currentTree   ├─┬ handlebars@1.0.12
72 silly currentTree   │ ├─┬ optimist@0.3.7
72 silly currentTree   │ │ └── wordwrap@0.0.2
72 silly currentTree   │ └─┬ uglify-js@2.3.6
72 silly currentTree   │   ├── async@0.2.9
72 silly currentTree   │   └─┬ source-map@0.1.29
72 silly currentTree   │     └── amdefine@0.0.8
72 silly currentTree   ├─┬ inquirer@0.3.3
72 silly currentTree   │ ├── async@0.2.9
72 silly currentTree   │ ├─┬ cli-color@0.2.2
72 silly currentTree   │ │ ├── es5-ext@0.9.2
72 silly currentTree   │ │ └─┬ memoizee@0.2.5
72 silly currentTree   │ │   ├── event-emitter@0.2.2
72 silly currentTree   │ │   └── next-tick@0.1.0
72 silly currentTree   │ ├── lodash@1.2.1
72 silly currentTree   │ └── mute-stream@0.0.3
72 silly currentTree   ├── junk@0.2.1
72 silly currentTree   ├── lru-cache@2.3.1
72 silly currentTree   ├── mkdirp@0.3.5
72 silly currentTree   ├── mout@0.6.0
72 silly currentTree   ├── nopt@2.1.2
72 silly currentTree   ├── open@0.0.4
72 silly currentTree   ├── osenv@0.0.3
72 silly currentTree   ├─┬ promptly@0.2.0
72 silly currentTree   │ └─┬ read@1.0.5
72 silly currentTree   │   └── mute-stream@0.0.4
72 silly currentTree   ├── q@0.9.7
72 silly currentTree   ├─┬ request-progress@0.3.1
72 silly currentTree   │ └── throttleit@0.0.2
72 silly currentTree   ├─┬ request@2.27.0
72 silly currentTree   │ ├── aws-sign@0.3.0
72 silly currentTree   │ ├── cookie-jar@0.3.0
72 silly currentTree   │ ├── forever-agent@0.5.0
72 silly currentTree   │ ├─┬ form-data@0.1.1
72 silly currentTree   │ │ ├── async@0.2.9
72 silly currentTree   │ │ └─┬ combined-stream@0.0.4
72 silly currentTree   │ │   └── delayed-stream@0.0.5
72 silly currentTree   │ ├─┬ hawk@1.0.0
72 silly currentTree   │ │ ├── boom@0.4.2
72 silly currentTree   │ │ ├── cryptiles@0.2.2
72 silly currentTree   │ │ ├── hoek@0.9.1
72 silly currentTree   │ │ └── sntp@0.2.4
72 silly currentTree   │ ├─┬ http-signature@0.10.0
72 silly currentTree   │ │ ├── asn1@0.1.11
72 silly currentTree   │ │ ├── assert-plus@0.1.2
72 silly currentTree   │ │ └── ctype@0.5.2
72 silly currentTree   │ ├── json-stringify-safe@5.0.0
72 silly currentTree   │ ├── mime@1.2.11
72 silly currentTree   │ ├── node-uuid@1.4.1
72 silly currentTree   │ ├── oauth-sign@0.3.0
72 silly currentTree   │ ├── qs@0.6.5
72 silly currentTree   │ └── tunnel-agent@0.3.0
72 silly currentTree   ├── retry@0.6.0
72 silly currentTree   ├── rimraf@2.2.2
72 silly currentTree   ├── semver@2.1.0
72 silly currentTree   ├── stringify-object@0.1.6
72 silly currentTree   ├─┬ sudo-block@0.2.1
72 silly currentTree   │ └─┬ chalk@0.1.1
72 silly currentTree   │   ├── ansi-styles@0.1.2
72 silly currentTree   │   └── has-color@0.1.1
72 silly currentTree   ├─┬ tar@0.1.18
72 silly currentTree   │ ├── block-stream@0.0.7
72 silly currentTree   │ └── inherits@2.0.1
72 silly currentTree   ├── tmp@0.0.21
72 silly currentTree   ├─┬ unzip@0.1.9
72 silly currentTree   │ ├─┬ binary@0.3.0
72 silly currentTree   │ │ ├── buffers@0.1.1
72 silly currentTree   │ │ └─┬ chainsaw@0.1.0
72 silly currentTree   │ │   └── traverse@0.3.9
72 silly currentTree   │ ├─┬ match-stream@0.0.2
72 silly currentTree   │ │ └── buffers@0.1.1
72 silly currentTree   │ ├─┬ pullstream@0.4.0
72 silly currentTree   │ │ ├── over@0.0.5
72 silly currentTree   │ │ └── slice-stream@0.0.0
72 silly currentTree   │ ├── readable-stream@1.0.17
72 silly currentTree   │ └── setimmediate@1.0.1
72 silly currentTree   ├─┬ update-notifier@0.1.5
72 silly currentTree   │ ├─┬ chalk@0.1.1
72 silly currentTree   │ │ ├── ansi-styles@0.1.2
72 silly currentTree   │ │ └── has-color@0.1.1
72 silly currentTree   │ ├─┬ configstore@0.1.5
72 silly currentTree   │ │ ├─┬ js-yaml@2.1.0
72 silly currentTree   │ │ │ ├─┬ argparse@0.1.15
72 silly currentTree   │ │ │ │ ├── underscore.string@2.3.3
72 silly currentTree   │ │ │ │ └── underscore@1.4.4
72 silly currentTree   │ │ │ └── esprima@1.0.4
72 silly currentTree   │ │ └── lodash@1.3.1
72 silly currentTree   │ ├─┬ request@2.22.0
72 silly currentTree   │ │ ├── aws-sign@0.3.0
72 silly currentTree   │ │ ├── cookie-jar@0.3.0
72 silly currentTree   │ │ ├── forever-agent@0.5.0
72 silly currentTree   │ │ ├─┬ form-data@0.0.8
72 silly currentTree   │ │ │ ├── async@0.2.9
72 silly currentTree   │ │ │ └─┬ combined-stream@0.0.4
72 silly currentTree   │ │ │   └── delayed-stream@0.0.5
72 silly currentTree   │ │ ├─┬ hawk@0.13.1
72 silly currentTree   │ │ │ ├─┬ boom@0.4.2
72 silly currentTree   │ │ │ │ └── hoek@0.9.1
72 silly currentTree   │ │ │ ├── cryptiles@0.2.2
72 silly currentTree   │ │ │ ├── hoek@0.8.5
72 silly currentTree   │ │ │ └─┬ sntp@0.2.4
72 silly currentTree   │ │ │   └── hoek@0.9.1
72 silly currentTree   │ │ ├─┬ http-signature@0.10.0
72 silly currentTree   │ │ │ ├── asn1@0.1.11
72 silly currentTree   │ │ │ ├── assert-plus@0.1.2
72 silly currentTree   │ │ │ └── ctype@0.5.2
72 silly currentTree   │ │ ├── json-stringify-safe@4.0.0
72 silly currentTree   │ │ ├── mime@1.2.11
72 silly currentTree   │ │ ├── node-uuid@1.4.1
72 silly currentTree   │ │ ├── oauth-sign@0.3.0
72 silly currentTree   │ │ ├── qs@0.6.5
72 silly currentTree   │ │ └── tunnel-agent@0.3.0
72 silly currentTree   │ └── semver@2.0.11
72 silly currentTree   └── which@1.0.5
73 silly idealTree lib
73 silly idealTree └── bower@1.7.7
74 silly generateActionsToTake Starting
75 silly install generateActionsToTake
76 warn checkPermissions Missing write access to /usr/local/lib/node_modules/bower/node_modules/abbrev
77 warn checkPermissions Missing write access to /usr/local/lib/node_modules/bower/node_modules/archy
78 warn checkPermissions Missing write access to /usr/local/lib/node_modules/bower/node_modules/bower-config/node_modules/optimist/node_modules/minimist
79 warn checkPermissions Missing write access to /usr/local/lib/node_modules/bower/node_modules/bower-config/node_modules/optimist/node_modules/wordwrap
80 warn checkPermissions Missing write access to /usr/local/lib/node_modules/bower/node_modules/bower-config/node_modules/optimist
81 warn checkPermissions Missing write access to /usr/local/lib/node_modules/bower/node_modules/bower-json/node_modules/deep-extend
82 warn checkPermissions Missing write access to /usr/local/lib/node_modules/bower/node_modules/bower-endpoint-parser
83 warn checkPermissions Missing write access to /usr/local/lib/node_modules/bower/node_modules/bower-json/node_modules/intersect
84 warn checkPermissions Missing write access to /usr/local/lib/node_modules/bower/node_modules/bower-logger
85 warn checkPermissions Missing write access to /usr/local/lib/node_modules/bower/node_modules/bower-registry-client/node_modules/async
86 warn checkPermissions Missing write access to /usr/local/lib/node_modules/bower/node_modules/bower-registry-client/node_modules/bower-config/node_modules/optimist/node_modules/minimist
87 warn checkPermissions Missing write access to /usr/local/lib/node_modules/bower/node_modules/bower-registry-client/node_modules/bower-config/node_modules/optimist/node_modules/wordwrap
88 warn checkPermissions Missing write access to /usr/local/lib/node_modules/bower/node_modules/bower-registry-client/node_modules/bower-config/node_modules/optimist
89 warn checkPermissions Missing write access to /usr/local/lib/node_modules/bower/node_modules/cardinal/node_modules/ansicolors
90 warn checkPermissions Missing write access to /usr/local/lib/node_modules/bower/node_modules/cardinal/node_modules/redeyed/node_modules/esprima
91 warn checkPermissions Missing write access to /usr/local/lib/node_modules/bower/node_modules/cardinal/node_modules/redeyed
92 warn checkPermissions Missing write access to /usr/local/lib/node_modules/bower/node_modules/cardinal
93 warn checkPermissions Missing write access to /usr/local/lib/node_modules/bower/node_modules/chalk/node_modules/ansi-styles
94 warn checkPermissions Missing write access to /usr/local/lib/node_modules/bower/node_modules/chalk/node_modules/has-color
95 warn checkPermissions Missing write access to /usr/local/lib/node_modules/bower/node_modules/chalk
96 warn checkPermissions Missing write access to /usr/local/lib/node_modules/bower/node_modules/chmodr
97 warn checkPermissions Missing write access to /usr/local/lib/node_modules/bower/node_modules/fstream-ignore/node_modules/inherits
98 warn checkPermissions Missing write access to /usr/local/lib/node_modules/bower/node_modules/fstream-ignore/node_modules/minimatch/node_modules/sigmund
99 warn checkPermissions Missing write access to /usr/local/lib/node_modules/bower/node_modules/fstream/node_modules/inherits
100 warn checkPermissions Missing write access to /usr/local/lib/node_modules/bower/node_modules/glob/node_modules/inherits
101 warn checkPermissions Missing write access to /usr/local/lib/node_modules/bower/node_modules/glob/node_modules/minimatch/node_modules/sigmund
102 warn checkPermissions Missing write access to /usr/local/lib/node_modules/bower/node_modules/graceful-fs
103 warn checkPermissions Missing write access to /usr/local/lib/node_modules/bower/node_modules/bower-json
104 warn checkPermissions Missing write access to /usr/local/lib/node_modules/bower/node_modules/handlebars/node_modules/optimist/node_modules/wordwrap
105 warn checkPermissions Missing write access to /usr/local/lib/node_modules/bower/node_modules/handlebars/node_modules/optimist
106 warn checkPermissions Missing write access to /usr/local/lib/node_modules/bower/node_modules/handlebars/node_modules/uglify-js/node_modules/async
107 warn checkPermissions Missing write access to /usr/local/lib/node_modules/bower/node_modules/handlebars/node_modules/uglify-js/node_modules/source-map/node_modules/amdefine
108 warn checkPermissions Missing write access to /usr/local/lib/node_modules/bower/node_modules/handlebars/node_modules/uglify-js/node_modules/source-map
109 warn checkPermissions Missing write access to /usr/local/lib/node_modules/bower/node_modules/handlebars/node_modules/uglify-js
110 warn checkPermissions Missing write access to /usr/local/lib/node_modules/bower/node_modules/handlebars
111 warn checkPermissions Missing write access to /usr/local/lib/node_modules/bower/node_modules/inquirer/node_modules/async
112 warn checkPermissions Missing write access to /usr/local/lib/node_modules/bower/node_modules/inquirer/node_modules/cli-color/node_modules/es5-ext
113 warn checkPermissions Missing write access to /usr/local/lib/node_modules/bower/node_modules/inquirer/node_modules/cli-color/node_modules/memoizee/node_modules/event-emitter
114 warn checkPermissions Missing write access to /usr/local/lib/node_modules/bower/node_modules/inquirer/node_modules/cli-color/node_modules/memoizee/node_modules/next-tick
115 warn checkPermissions Missing write access to /usr/local/lib/node_modules/bower/node_modules/inquirer/node_modules/cli-color/node_modules/memoizee
116 warn checkPermissions Missing write access to /usr/local/lib/node_modules/bower/node_modules/inquirer/node_modules/cli-color
117 warn checkPermissions Missing write access to /usr/local/lib/node_modules/bower/node_modules/inquirer/node_modules/lodash
118 warn checkPermissions Missing write access to /usr/local/lib/node_modules/bower/node_modules/inquirer/node_modules/mute-stream
119 warn checkPermissions Missing write access to /usr/local/lib/node_modules/bower/node_modules/inquirer
120 warn checkPermissions Missing write access to /usr/local/lib/node_modules/bower/node_modules/junk
121 warn checkPermissions Missing write access to /usr/local/lib/node_modules/bower/node_modules/lru-cache
122 warn checkPermissions Missing write access to /usr/local/lib/node_modules/bower/node_modules/glob/node_modules/minimatch
123 warn checkPermissions Missing write access to /usr/local/lib/node_modules/bower/node_modules/glob
124 warn checkPermissions Missing write access to /usr/local/lib/node_modules/bower/node_modules/fstream-ignore/node_modules/minimatch
125 warn checkPermissions Missing write access to /usr/local/lib/node_modules/bower/node_modules/mkdirp
126 warn checkPermissions Missing write access to /usr/local/lib/node_modules/bower/node_modules/mout
127 warn checkPermissions Missing write access to /usr/local/lib/node_modules/bower/node_modules/nopt
128 warn checkPermissions Missing write access to /usr/local/lib/node_modules/bower/node_modules/open
129 warn checkPermissions Missing write access to /usr/local/lib/node_modules/bower/node_modules/osenv
130 warn checkPermissions Missing write access to /usr/local/lib/node_modules/bower/node_modules/bower-registry-client/node_modules/bower-config
131 warn checkPermissions Missing write access to /usr/local/lib/node_modules/bower/node_modules/bower-config
132 warn checkPermissions Missing write access to /usr/local/lib/node_modules/bower/node_modules/promptly/node_modules/read/node_modules/mute-stream
133 warn checkPermissions Missing write access to /usr/local/lib/node_modules/bower/node_modules/promptly/node_modules/read
134 warn checkPermissions Missing write access to /usr/local/lib/node_modules/bower/node_modules/promptly
135 warn checkPermissions Missing write access to /usr/local/lib/node_modules/bower/node_modules/request-progress/node_modules/throttleit
136 warn checkPermissions Missing write access to /usr/local/lib/node_modules/bower/node_modules/q
137 warn checkPermissions Missing write access to /usr/local/lib/node_modules/bower/node_modules/request-progress
138 warn checkPermissions Missing write access to /usr/local/lib/node_modules/bower/node_modules/request/node_modules/aws-sign
139 warn checkPermissions Missing write access to /usr/local/lib/node_modules/bower/node_modules/request/node_modules/cookie-jar
140 warn checkPermissions Missing write access to /usr/local/lib/node_modules/bower/node_modules/request/node_modules/forever-agent
141 warn checkPermissions Missing write access to /usr/local/lib/node_modules/bower/node_modules/request/node_modules/form-data/node_modules/async
142 warn checkPermissions Missing write access to /usr/local/lib/node_modules/bower/node_modules/request/node_modules/form-data/node_modules/combined-stream/node_modules/delayed-stream
143 warn checkPermissions Missing write access to /usr/local/lib/node_modules/bower/node_modules/request/node_modules/form-data/node_modules/combined-stream
144 warn checkPermissions Missing write access to /usr/local/lib/node_modules/bower/node_modules/request/node_modules/hawk/node_modules/boom
145 warn checkPermissions Missing write access to /usr/local/lib/node_modules/bower/node_modules/request/node_modules/hawk/node_modules/hoek
146 warn checkPermissions Missing write access to /usr/local/lib/node_modules/bower/node_modules/request/node_modules/hawk/node_modules/cryptiles
147 warn checkPermissions Missing write access to /usr/local/lib/node_modules/bower/node_modules/request/node_modules/hawk/node_modules/sntp
148 warn checkPermissions Missing write access to /usr/local/lib/node_modules/bower/node_modules/request/node_modules/hawk
149 warn checkPermissions Missing write access to /usr/local/lib/node_modules/bower/node_modules/request/node_modules/http-signature/node_modules/asn1
150 warn checkPermissions Missing write access to /usr/local/lib/node_modules/bower/node_modules/request/node_modules/http-signature/node_modules/ctype
151 warn checkPermissions Missing write access to /usr/local/lib/node_modules/bower/node_modules/request/node_modules/http-signature/node_modules/assert-plus
152 warn checkPermissions Missing write access to /usr/local/lib/node_modules/bower/node_modules/request/node_modules/http-signature
153 warn checkPermissions Missing write access to /usr/local/lib/node_modules/bower/node_modules/request/node_modules/json-stringify-safe
154 warn checkPermissions Missing write access to /usr/local/lib/node_modules/bower/node_modules/request/node_modules/mime
155 warn checkPermissions Missing write access to /usr/local/lib/node_modules/bower/node_modules/request/node_modules/form-data
156 warn checkPermissions Missing write access to /usr/local/lib/node_modules/bower/node_modules/request/node_modules/node-uuid
157 warn checkPermissions Missing write access to /usr/local/lib/node_modules/bower/node_modules/request/node_modules/oauth-sign
158 warn checkPermissions Missing write access to /usr/local/lib/node_modules/bower/node_modules/request/node_modules/qs
159 warn checkPermissions Missing write access to /usr/local/lib/node_modules/bower/node_modules/request/node_modules/tunnel-agent
160 warn checkPermissions Missing write access to /usr/local/lib/node_modules/bower/node_modules/request
161 warn checkPermissions Missing write access to /usr/local/lib/node_modules/bower/node_modules/retry
162 warn checkPermissions Missing write access to /usr/local/lib/node_modules/bower/node_modules/bower-registry-client/node_modules/request-replay
163 warn checkPermissions Missing write access to /usr/local/lib/node_modules/bower/node_modules/rimraf
164 warn checkPermissions Missing write access to /usr/local/lib/node_modules/bower/node_modules/fstream
165 warn checkPermissions Missing write access to /usr/local/lib/node_modules/bower/node_modules/fstream-ignore
166 warn checkPermissions Missing write access to /usr/local/lib/node_modules/bower/node_modules/bower-registry-client
167 warn checkPermissions Missing write access to /usr/local/lib/node_modules/bower/node_modules/semver
168 warn checkPermissions Missing write access to /usr/local/lib/node_modules/bower/node_modules/stringify-object
169 warn checkPermissions Missing write access to /usr/local/lib/node_modules/bower/node_modules/sudo-block/node_modules/chalk/node_modules/ansi-styles
170 warn checkPermissions Missing write access to /usr/local/lib/node_modules/bower/node_modules/sudo-block/node_modules/chalk/node_modules/has-color
171 warn checkPermissions Missing write access to /usr/local/lib/node_modules/bower/node_modules/sudo-block/node_modules/chalk
172 warn checkPermissions Missing write access to /usr/local/lib/node_modules/bower/node_modules/sudo-block
173 warn checkPermissions Missing write access to /usr/local/lib/node_modules/bower/node_modules/tar/node_modules/inherits
174 warn checkPermissions Missing write access to /usr/local/lib/node_modules/bower/node_modules/tar/node_modules/block-stream
175 warn checkPermissions Missing write access to /usr/local/lib/node_modules/bower/node_modules/tar
176 warn checkPermissions Missing write access to /usr/local/lib/node_modules/bower/node_modules/tmp
177 warn checkPermissions Missing write access to /usr/local/lib/node_modules/bower/node_modules/unzip/node_modules/binary/node_modules/buffers
178 warn checkPermissions Missing write access to /usr/local/lib/node_modules/bower/node_modules/unzip/node_modules/binary/node_modules/chainsaw/node_modules/traverse
179 warn checkPermissions Missing write access to /usr/local/lib/node_modules/bower/node_modules/unzip/node_modules/binary/node_modules/chainsaw
180 warn checkPermissions Missing write access to /usr/local/lib/node_modules/bower/node_modules/unzip/node_modules/binary
181 warn checkPermissions Missing write access to /usr/local/lib/node_modules/bower/node_modules/unzip/node_modules/match-stream/node_modules/buffers
182 warn checkPermissions Missing write access to /usr/local/lib/node_modules/bower/node_modules/unzip/node_modules/pullstream/node_modules/over
183 warn checkPermissions Missing write access to /usr/local/lib/node_modules/bower/node_modules/unzip/node_modules/readable-stream
184 warn checkPermissions Missing write access to /usr/local/lib/node_modules/bower/node_modules/unzip/node_modules/pullstream/node_modules/slice-stream
185 warn checkPermissions Missing write access to /usr/local/lib/node_modules/bower/node_modules/unzip/node_modules/match-stream
186 warn checkPermissions Missing write access to /usr/local/lib/node_modules/bower/node_modules/unzip/node_modules/setimmediate
187 warn checkPermissions Missing write access to /usr/local/lib/node_modules/bower/node_modules/unzip/node_modules/pullstream
188 warn checkPermissions Missing write access to /usr/local/lib/node_modules/bower/node_modules/unzip
189 warn checkPermissions Missing write access to /usr/local/lib/node_modules/bower/node_modules/update-notifier/node_modules/chalk/node_modules/ansi-styles
190 warn checkPermissions Missing write access to /usr/local/lib/node_modules/bower/node_modules/update-notifier/node_modules/chalk/node_modules/has-color
191 warn checkPermissions Missing write access to /usr/local/lib/node_modules/bower/node_modules/update-notifier/node_modules/chalk
192 warn checkPermissions Missing write access to /usr/local/lib/node_modules/bower/node_modules/update-notifier/node_modules/configstore/node_modules/js-yaml/node_modules/argparse/node_modules/underscore
193 warn checkPermissions Missing write access to /usr/local/lib/node_modules/bower/node_modules/update-notifier/node_modules/configstore/node_modules/js-yaml/node_modules/argparse/node_modules/underscore.string
194 warn checkPermissions Missing write access to /usr/local/lib/node_modules/bower/node_modules/update-notifier/node_modules/configstore/node_modules/js-yaml/node_modules/argparse
195 warn checkPermissions Missing write access to /usr/local/lib/node_modules/bower/node_modules/update-notifier/node_modules/configstore/node_modules/js-yaml/node_modules/esprima
196 warn checkPermissions Missing write access to /usr/local/lib/node_modules/bower/node_modules/update-notifier/node_modules/configstore/node_modules/js-yaml
197 warn checkPermissions Missing write access to /usr/local/lib/node_modules/bower/node_modules/update-notifier/node_modules/configstore/node_modules/lodash
198 warn checkPermissions Missing write access to /usr/local/lib/node_modules/bower/node_modules/update-notifier/node_modules/configstore
199 warn checkPermissions Missing write access to /usr/local/lib/node_modules/bower/node_modules/update-notifier/node_modules/request/node_modules/aws-sign
200 warn checkPermissions Missing write access to /usr/local/lib/node_modules/bower/node_modules/update-notifier/node_modules/request/node_modules/cookie-jar
201 warn checkPermissions Missing write access to /usr/local/lib/node_modules/bower/node_modules/update-notifier/node_modules/request/node_modules/forever-agent
202 warn checkPermissions Missing write access to /usr/local/lib/node_modules/bower/node_modules/update-notifier/node_modules/request/node_modules/form-data/node_modules/async
203 warn checkPermissions Missing write access to /usr/local/lib/node_modules/bower/node_modules/update-notifier/node_modules/request/node_modules/form-data/node_modules/combined-stream/node_modules/delayed-stream
204 warn checkPermissions Missing write access to /usr/local/lib/node_modules/bower/node_modules/update-notifier/node_modules/request/node_modules/form-data/node_modules/combined-stream
205 warn checkPermissions Missing write access to /usr/local/lib/node_modules/bower/node_modules/update-notifier/node_modules/request/node_modules/hawk/node_modules/boom
206 warn checkPermissions Missing write access to /usr/local/lib/node_modules/bower/node_modules/update-notifier/node_modules/request/node_modules/hawk/node_modules/boom/node_modules/hoek
207 warn checkPermissions Missing write access to /usr/local/lib/node_modules/bower/node_modules/update-notifier/node_modules/request/node_modules/hawk/node_modules/cryptiles
208 warn checkPermissions Missing write access to /usr/local/lib/node_modules/bower/node_modules/update-notifier/node_modules/request/node_modules/hawk/node_modules/hoek
209 warn checkPermissions Missing write access to /usr/local/lib/node_modules/bower/node_modules/update-notifier/node_modules/request/node_modules/hawk/node_modules/sntp/node_modules/hoek
210 warn checkPermissions Missing write access to /usr/local/lib/node_modules/bower/node_modules/update-notifier/node_modules/request/node_modules/hawk/node_modules/sntp
211 warn checkPermissions Missing write access to /usr/local/lib/node_modules/bower/node_modules/update-notifier/node_modules/request/node_modules/hawk
212 warn checkPermissions Missing write access to /usr/local/lib/node_modules/bower/node_modules/update-notifier/node_modules/request/node_modules/http-signature/node_modules/asn1
213 warn checkPermissions Missing write access to /usr/local/lib/node_modules/bower/node_modules/update-notifier/node_modules/request/node_modules/http-signature/node_modules/assert-plus
214 warn checkPermissions Missing write access to /usr/local/lib/node_modules/bower/node_modules/update-notifier/node_modules/request/node_modules/http-signature/node_modules/ctype
215 warn checkPermissions Missing write access to /usr/local/lib/node_modules/bower/node_modules/update-notifier/node_modules/request/node_modules/http-signature
216 warn checkPermissions Missing write access to /usr/local/lib/node_modules/bower/node_modules/update-notifier/node_modules/request/node_modules/json-stringify-safe
217 warn checkPermissions Missing write access to /usr/local/lib/node_modules/bower/node_modules/update-notifier/node_modules/request/node_modules/mime
218 warn checkPermissions Missing write access to /usr/local/lib/node_modules/bower/node_modules/update-notifier/node_modules/request/node_modules/form-data
219 warn checkPermissions Missing write access to /usr/local/lib/node_modules/bower/node_modules/update-notifier/node_modules/request/node_modules/node-uuid
220 warn checkPermissions Missing write access to /usr/local/lib/node_modules/bower/node_modules/update-notifier/node_modules/request/node_modules/oauth-sign
221 warn checkPermissions Missing write access to /usr/local/lib/node_modules/bower/node_modules/update-notifier/node_modules/request/node_modules/qs
222 warn checkPermissions Missing write access to /usr/local/lib/node_modules/bower/node_modules/update-notifier/node_modules/request/node_modules/tunnel-agent
223 warn checkPermissions Missing write access to /usr/local/lib/node_modules/bower/node_modules/update-notifier/node_modules/request
224 warn checkPermissions Missing write access to /usr/local/lib/node_modules/bower/node_modules/update-notifier/node_modules/semver
225 warn checkPermissions Missing write access to /usr/local/lib/node_modules/bower/node_modules/update-notifier
226 warn checkPermissions Missing write access to /usr/local/lib/node_modules/bower/node_modules/which
227 warn checkPermissions Missing write access to /usr/local/lib/node_modules/bower
228 warn checkPermissions Missing write access to /usr/local/lib/node_modules/bower/node_modules
229 warn checkPermissions Missing write access to /usr/local/lib/node_modules/bower/node_modules/bower-config/node_modules/optimist/node_modules
230 warn checkPermissions Missing write access to /usr/local/lib/node_modules/bower/node_modules/bower-config/node_modules
231 warn checkPermissions Missing write access to /usr/local/lib/node_modules/bower/node_modules/bower-json/node_modules
232 warn checkPermissions Missing write access to /usr/local/lib/node_modules/bower/node_modules/bower-registry-client/node_modules
233 warn checkPermissions Missing write access to /usr/local/lib/node_modules/bower/node_modules/bower-registry-client/node_modules/bower-config/node_modules/optimist/node_modules
234 warn checkPermissions Missing write access to /usr/local/lib/node_modules/bower/node_modules/bower-registry-client/node_modules/bower-config/node_modules
235 warn checkPermissions Missing write access to /usr/local/lib/node_modules/bower/node_modules/cardinal/node_modules
236 warn checkPermissions Missing write access to /usr/local/lib/node_modules/bower/node_modules/cardinal/node_modules/redeyed/node_modules
237 warn checkPermissions Missing write access to /usr/local/lib/node_modules/bower/node_modules/chalk/node_modules
238 warn checkPermissions Missing write access to /usr/local/lib/node_modules/bower/node_modules/fstream-ignore/node_modules
239 warn checkPermissions Missing write access to /usr/local/lib/node_modules/bower/node_modules/fstream-ignore/node_modules/minimatch/node_modules
240 warn checkPermissions Missing write access to /usr/local/lib/node_modules/bower/node_modules/fstream/node_modules
241 warn checkPermissions Missing write access to /usr/local/lib/node_modules/bower/node_modules/glob/node_modules
242 warn checkPermissions Missing write access to /usr/local/lib/node_modules/bower/node_modules/glob/node_modules/minimatch/node_modules
243 warn checkPermissions Missing write access to /usr/local/lib/node_modules/bower/node_modules/handlebars/node_modules/optimist/node_modules
244 warn checkPermissions Missing write access to /usr/local/lib/node_modules/bower/node_modules/handlebars/node_modules
245 warn checkPermissions Missing write access to /usr/local/lib/node_modules/bower/node_modules/handlebars/node_modules/uglify-js/node_modules
246 warn checkPermissions Missing write access to /usr/local/lib/node_modules/bower/node_modules/handlebars/node_modules/uglify-js/node_modules/source-map/node_modules
247 warn checkPermissions Missing write access to /usr/local/lib/node_modules/bower/node_modules/inquirer/node_modules
248 warn checkPermissions Missing write access to /usr/local/lib/node_modules/bower/node_modules/inquirer/node_modules/cli-color/node_modules
249 warn checkPermissions Missing write access to /usr/local/lib/node_modules/bower/node_modules/inquirer/node_modules/cli-color/node_modules/memoizee/node_modules
250 warn checkPermissions Missing write access to /usr/local/lib/node_modules/bower/node_modules/promptly/node_modules/read/node_modules
251 warn checkPermissions Missing write access to /usr/local/lib/node_modules/bower/node_modules/promptly/node_modules
252 warn checkPermissions Missing write access to /usr/local/lib/node_modules/bower/node_modules/request-progress/node_modules
253 warn checkPermissions Missing write access to /usr/local/lib/node_modules/bower/node_modules/request/node_modules
254 warn checkPermissions Missing write access to /usr/local/lib/node_modules/bower/node_modules/request/node_modules/form-data/node_modules
255 warn checkPermissions Missing write access to /usr/local/lib/node_modules/bower/node_modules/request/node_modules/form-data/node_modules/combined-stream/node_modules
256 warn checkPermissions Missing write access to /usr/local/lib/node_modules/bower/node_modules/request/node_modules/hawk/node_modules
257 warn checkPermissions Missing write access to /usr/local/lib/node_modules/bower/node_modules/request/node_modules/http-signature/node_modules
258 warn checkPermissions Missing write access to /usr/local/lib/node_modules/bower/node_modules/sudo-block/node_modules/chalk/node_modules
259 warn checkPermissions Missing write access to /usr/local/lib/node_modules/bower/node_modules/sudo-block/node_modules
260 warn checkPermissions Missing write access to /usr/local/lib/node_modules/bower/node_modules/tar/node_modules
261 warn checkPermissions Missing write access to /usr/local/lib/node_modules/bower/node_modules/unzip/node_modules/binary/node_modules
262 warn checkPermissions Missing write access to /usr/local/lib/node_modules/bower/node_modules/unzip/node_modules/binary/node_modules/chainsaw/node_modules
263 warn checkPermissions Missing write access to /usr/local/lib/node_modules/bower/node_modules/unzip/node_modules
264 warn checkPermissions Missing write access to /usr/local/lib/node_modules/bower/node_modules/unzip/node_modules/match-stream/node_modules
265 warn checkPermissions Missing write access to /usr/local/lib/node_modules/bower/node_modules/unzip/node_modules/pullstream/node_modules
266 warn checkPermissions Missing write access to /usr/local/lib/node_modules/bower/node_modules/update-notifier/node_modules/chalk/node_modules
267 warn checkPermissions Missing write access to /usr/local/lib/node_modules/bower/node_modules/update-notifier/node_modules
268 warn checkPermissions Missing write access to /usr/local/lib/node_modules/bower/node_modules/update-notifier/node_modules/configstore/node_modules/js-yaml/node_modules/argparse/node_modules
269 warn checkPermissions Missing write access to /usr/local/lib/node_modules/bower/node_modules/update-notifier/node_modules/configstore/node_modules/js-yaml/node_modules
270 warn checkPermissions Missing write access to /usr/local/lib/node_modules/bower/node_modules/update-notifier/node_modules/configstore/node_modules
271 warn checkPermissions Missing write access to /usr/local/lib/node_modules/bower/node_modules/update-notifier/node_modules/request/node_modules
272 warn checkPermissions Missing write access to /usr/local/lib/node_modules/bower/node_modules/update-notifier/node_modules/request/node_modules/form-data/node_modules
273 warn checkPermissions Missing write access to /usr/local/lib/node_modules/bower/node_modules/update-notifier/node_modules/request/node_modules/form-data/node_modules/combined-stream/node_modules
274 warn checkPermissions Missing write access to /usr/local/lib/node_modules/bower/node_modules/update-notifier/node_modules/request/node_modules/hawk/node_modules
275 warn checkPermissions Missing write access to /usr/local/lib/node_modules/bower/node_modules/update-notifier/node_modules/request/node_modules/hawk/node_modules/boom/node_modules
276 warn checkPermissions Missing write access to /usr/local/lib/node_modules/bower/node_modules/update-notifier/node_modules/request/node_modules/hawk/node_modules/sntp/node_modules
277 warn checkPermissions Missing write access to /usr/local/lib/node_modules/bower/node_modules/update-notifier/node_modules/request/node_modules/http-signature/node_modules
278 warn checkPermissions Missing write access to /usr/local/lib/node_modules
279 silly rollbackFailedOptional Starting
280 silly rollbackFailedOptional Finishing
281 silly runTopLevelLifecycles Starting
282 silly runTopLevelLifecycles Finishing
283 silly install printInstalled
284 verbose stack Error: EACCES: permission denied, access '/usr/local/lib/node_modules/bower/node_modules/abbrev'
284 verbose stack     at Error (native)
285 verbose cwd /Users/student/Dropbox/projects/js18-inspirational-quotes
286 error Darwin 14.5.0
287 error argv "/usr/local/Cellar/node/5.1.1/bin/node" "/usr/local/bin/npm" "install" "-g" "bower"
288 error node v5.1.1
289 error npm  v3.3.12
290 error path /usr/local/lib/node_modules/bower/node_modules/abbrev
291 error code EACCES
292 error errno -13
293 error syscall access
294 error Error: EACCES: permission denied, access '/usr/local/lib/node_modules/bower/node_modules/abbrev'
294 error     at Error (native)
294 error  { [Error: EACCES: permission denied, access '/usr/local/lib/node_modules/bower/node_modules/abbrev']
294 error   errno: -13,
294 error   code: 'EACCES',
294 error   syscall: 'access',
294 error   path: '/usr/local/lib/node_modules/bower/node_modules/abbrev' }
295 error Please try running this command again as root/Administrator.
296 verbose exit [ -13, true ]
